mode: set
C:\Users\bklvk\go\dirTree\main.go:11.13,13.47 2 0
C:\Users\bklvk\go\dirTree\main.go:13.47,14.39 1 0
C:\Users\bklvk\go\dirTree\main.go:17.2,21.16 4 0
C:\Users\bklvk\go\dirTree\main.go:21.16,22.21 1 0
C:\Users\bklvk\go\dirTree\main.go:26.65,28.61 2 1
C:\Users\bklvk\go\dirTree\main.go:28.61,30.17 2 1
C:\Users\bklvk\go\dirTree\main.go:30.17,32.4 1 1
C:\Users\bklvk\go\dirTree\main.go:34.3,34.43 1 1
C:\Users\bklvk\go\dirTree\main.go:34.43,36.4 1 1
C:\Users\bklvk\go\dirTree\main.go:38.3,38.18 1 1
C:\Users\bklvk\go\dirTree\main.go:38.18,40.34 2 1
C:\Users\bklvk\go\dirTree\main.go:40.34,41.22 1 1
C:\Users\bklvk\go\dirTree\main.go:41.22,43.6 1 1
C:\Users\bklvk\go\dirTree\main.go:45.4,45.25 1 1
C:\Users\bklvk\go\dirTree\main.go:48.3,48.33 1 1
C:\Users\bklvk\go\dirTree\main.go:48.33,50.18 2 1
C:\Users\bklvk\go\dirTree\main.go:50.18,52.5 1 0
C:\Users\bklvk\go\dirTree\main.go:54.4,55.27 2 1
C:\Users\bklvk\go\dirTree\main.go:55.27,57.5 1 1
C:\Users\bklvk\go\dirTree\main.go:57.10,59.5 1 1
C:\Users\bklvk\go\dirTree\main.go:61.4,61.21 1 1
C:\Users\bklvk\go\dirTree\main.go:61.21,65.28 3 1
C:\Users\bklvk\go\dirTree\main.go:65.28,67.6 1 1
C:\Users\bklvk\go\dirTree\main.go:67.11,69.6 1 1
C:\Users\bklvk\go\dirTree\main.go:71.5,72.19 2 1
C:\Users\bklvk\go\dirTree\main.go:72.19,74.6 1 0
C:\Users\bklvk\go\dirTree\main.go:75.10,75.25 1 1
C:\Users\bklvk\go\dirTree\main.go:75.25,77.26 2 1
C:\Users\bklvk\go\dirTree\main.go:77.26,79.6 1 1
C:\Users\bklvk\go\dirTree\main.go:79.11,81.6 1 1
C:\Users\bklvk\go\dirTree\main.go:82.5,82.67 1 1
C:\Users\bklvk\go\dirTree\main.go:86.3,86.13 1 1
C:\Users\bklvk\go\dirTree\main.go:89.2,90.16 2 1
C:\Users\bklvk\go\dirTree\main.go:90.16,92.3 1 1
C:\Users\bklvk\go\dirTree\main.go:94.2,94.12 1 1
