mode: set
C:\Users\bklvk\go\tree\main.go:17.70,21.44 3 1
C:\Users\bklvk\go\tree\main.go:21.44,23.17 2 1
C:\Users\bklvk\go\tree\main.go:23.17,25.4 1 1
C:\Users\bklvk\go\tree\main.go:27.3,27.32 1 1
C:\Users\bklvk\go\tree\main.go:27.32,29.18 2 1
C:\Users\bklvk\go\tree\main.go:29.18,31.5 1 0
C:\Users\bklvk\go\tree\main.go:33.4,33.21 1 1
C:\Users\bklvk\go\tree\main.go:33.21,38.20 2 1
C:\Users\bklvk\go\tree\main.go:38.20,40.6 1 1
C:\Users\bklvk\go\tree\main.go:40.11,42.6 1 1
C:\Users\bklvk\go\tree\main.go:44.5,45.19 2 1
C:\Users\bklvk\go\tree\main.go:45.19,47.6 1 0
C:\Users\bklvk\go\tree\main.go:48.10,48.24 1 1
C:\Users\bklvk\go\tree\main.go:48.24,55.20 2 1
C:\Users\bklvk\go\tree\main.go:55.20,57.6 1 1
C:\Users\bklvk\go\tree\main.go:57.11,59.6 1 1
C:\Users\bklvk\go\tree\main.go:63.3,63.13 1 1
C:\Users\bklvk\go\tree\main.go:66.2,67.16 2 1
C:\Users\bklvk\go\tree\main.go:67.16,69.3 1 1
C:\Users\bklvk\go\tree\main.go:71.2,72.27 2 1
C:\Users\bklvk\go\tree\main.go:72.27,75.17 3 1
C:\Users\bklvk\go\tree\main.go:75.17,77.4 1 0
C:\Users\bklvk\go\tree\main.go:80.2,80.12 1 1
C:\Users\bklvk\go\tree\main.go:83.93,88.29 4 1
C:\Users\bklvk\go\tree\main.go:88.29,89.15 1 1
C:\Users\bklvk\go\tree\main.go:89.15,90.14 1 1
C:\Users\bklvk\go\tree\main.go:90.14,92.5 1 1
C:\Users\bklvk\go\tree\main.go:92.10,94.5 1 1
C:\Users\bklvk\go\tree\main.go:96.4,96.12 1 1
C:\Users\bklvk\go\tree\main.go:99.3,99.33 1 1
C:\Users\bklvk\go\tree\main.go:99.33,101.4 1 1
C:\Users\bklvk\go\tree\main.go:101.9,103.4 1 1
C:\Users\bklvk\go\tree\main.go:106.2,106.12 1 1
C:\Users\bklvk\go\tree\main.go:106.12,108.3 1 1
C:\Users\bklvk\go\tree\main.go:110.2,110.21 1 1
C:\Users\bklvk\go\tree\main.go:111.12,112.21 1 1
C:\Users\bklvk\go\tree\main.go:112.21,114.18 2 1
C:\Users\bklvk\go\tree\main.go:114.18,116.5 1 0
C:\Users\bklvk\go\tree\main.go:117.9,119.18 2 1
C:\Users\bklvk\go\tree\main.go:119.18,121.5 1 0
C:\Users\bklvk\go\tree\main.go:123.10,125.17 2 1
C:\Users\bklvk\go\tree\main.go:125.17,127.4 1 0
C:\Users\bklvk\go\tree\main.go:130.2,130.43 1 1
C:\Users\bklvk\go\tree\main.go:130.43,133.17 3 1
C:\Users\bklvk\go\tree\main.go:133.17,135.4 1 0
C:\Users\bklvk\go\tree\main.go:138.2,138.12 1 1
C:\Users\bklvk\go\tree\main.go:141.57,142.45 1 1
C:\Users\bklvk\go\tree\main.go:142.45,143.26 1 1
C:\Users\bklvk\go\tree\main.go:143.26,145.4 1 1
C:\Users\bklvk\go\tree\main.go:147.2,147.8 1 1
